<?xml version="1.0" encoding="UTF-8"?>
<testng-results ignored="0" total="1" passed="1" failed="0" skipped="0">
  <reporter-output>
  </reporter-output>
  <suite started-at="2021-08-19T15:02:37 EDT" name="Default suite" finished-at="2021-08-19T15:03:31 EDT" duration-ms="53786">
    <groups>
    </groups>
    <test started-at="2021-08-19T15:02:37 EDT" name="Default test" finished-at="2021-08-19T15:03:31 EDT" duration-ms="53786">
      <class name="hackathonIndeedJobScraping.ScrapingIndeedJobs">
        <test-method is-config="true" signature="beforeTest()[pri:0, instance:hackathonIndeedJobScraping.ScrapingIndeedJobs@703580bf]" started-at="2021-08-19T15:02:37 EDT" name="beforeTest" finished-at="2021-08-19T15:02:40 EDT" duration-ms="2355" status="PASS">
          <reporter-output>
          </reporter-output>
        </test-method> <!-- beforeTest -->
        <test-method signature="scrape_data()[pri:0, instance:hackathonIndeedJobScraping.ScrapingIndeedJobs@703580bf]" started-at="2021-08-19T15:02:40 EDT" name="scrape_data" finished-at="2021-08-19T15:03:27 EDT" duration-ms="47105" status="PASS">
          <reporter-output>
          </reporter-output>
        </test-method> <!-- scrape_data -->
        <test-method is-config="true" signature="afterTest()[pri:0, instance:hackathonIndeedJobScraping.ScrapingIndeedJobs@703580bf]" started-at="2021-08-19T15:03:27 EDT" name="afterTest" finished-at="2021-08-19T15:03:31 EDT" duration-ms="4294" status="PASS">
          <reporter-output>
          </reporter-output>
        </test-method> <!-- afterTest -->
      </class> <!-- hackathonIndeedJobScraping.ScrapingIndeedJobs -->
    </test> <!-- Default test -->
  </suite> <!-- Default suite -->
</testng-results>
